2018-06-02 20:43:11,853 - Velocimacro : allowInlineLocal = false : VMs defined inline will be global in scope if allowed.
2018-06-02 20:43:11,853 - Velocimacro : autoload off : VM system will not automatically reload global library macros
2018-06-02 20:43:11,858 - ResourceManager : found /templates/entity.java.vm with loader org.apache.velocity.runtime.resource.loader.ClasspathResourceLoader
2018-06-02 20:43:11,859 - Left side (${versionFieldName}) of '==' operation has null value. If it is a reference, it may not be in the context or its toString() returned null. /templates/entity.java.vm[line 76, column 26]
2018-06-02 20:43:11,859 - Left side (${logicDeleteFieldName}) of '==' operation has null value. If it is a reference, it may not be in the context or its toString() returned null. /templates/entity.java.vm[line 80, column 30]
2018-06-02 20:43:11,859 - Left side (${versionFieldName}) of '==' operation has null value. If it is a reference, it may not be in the context or its toString() returned null. /templates/entity.java.vm[line 76, column 26]
2018-06-02 20:43:11,859 - Left side (${logicDeleteFieldName}) of '==' operation has null value. If it is a reference, it may not be in the context or its toString() returned null. /templates/entity.java.vm[line 80, column 30]
2018-06-02 20:43:11,859 - Left side (${versionFieldName}) of '==' operation has null value. If it is a reference, it may not be in the context or its toString() returned null. /templates/entity.java.vm[line 76, column 26]
2018-06-02 20:43:11,859 - Left side (${logicDeleteFieldName}) of '==' operation has null value. If it is a reference, it may not be in the context or its toString() returned null. /templates/entity.java.vm[line 80, column 30]
2018-06-02 20:43:11,859 - Left side (${versionFieldName}) of '==' operation has null value. If it is a reference, it may not be in the context or its toString() returned null. /templates/entity.java.vm[line 76, column 26]
2018-06-02 20:43:11,859 - Left side (${logicDeleteFieldName}) of '==' operation has null value. If it is a reference, it may not be in the context or its toString() returned null. /templates/entity.java.vm[line 80, column 30]
2018-06-02 20:43:11,860 - Left side (${versionFieldName}) of '==' operation has null value. If it is a reference, it may not be in the context or its toString() returned null. /templates/entity.java.vm[line 76, column 26]
2018-06-02 20:43:11,860 - Left side (${logicDeleteFieldName}) of '==' operation has null value. If it is a reference, it may not be in the context or its toString() returned null. /templates/entity.java.vm[line 80, column 30]
2018-06-02 20:43:11,860 - Left side (${versionFieldName}) of '==' operation has null value. If it is a reference, it may not be in the context or its toString() returned null. /templates/entity.java.vm[line 76, column 26]
2018-06-02 20:43:11,860 - Left side (${logicDeleteFieldName}) of '==' operation has null value. If it is a reference, it may not be in the context or its toString() returned null. /templates/entity.java.vm[line 80, column 30]
2018-06-02 20:43:11,860 - Left side (${versionFieldName}) of '==' operation has null value. If it is a reference, it may not be in the context or its toString() returned null. /templates/entity.java.vm[line 76, column 26]
2018-06-02 20:43:11,860 - Left side (${logicDeleteFieldName}) of '==' operation has null value. If it is a reference, it may not be in the context or its toString() returned null. /templates/entity.java.vm[line 80, column 30]
2018-06-02 20:43:11,860 - Left side (${versionFieldName}) of '==' operation has null value. If it is a reference, it may not be in the context or its toString() returned null. /templates/entity.java.vm[line 76, column 26]
2018-06-02 20:43:11,860 - Left side (${logicDeleteFieldName}) of '==' operation has null value. If it is a reference, it may not be in the context or its toString() returned null. /templates/entity.java.vm[line 80, column 30]
2018-06-02 20:43:11,860 - Left side (${versionFieldName}) of '==' operation has null value. If it is a reference, it may not be in the context or its toString() returned null. /templates/entity.java.vm[line 76, column 26]
2018-06-02 20:43:11,860 - Left side (${logicDeleteFieldName}) of '==' operation has null value. If it is a reference, it may not be in the context or its toString() returned null. /templates/entity.java.vm[line 80, column 30]
2018-06-02 20:43:11,860 - Left side (${versionFieldName}) of '==' operation has null value. If it is a reference, it may not be in the context or its toString() returned null. /templates/entity.java.vm[line 76, column 26]
2018-06-02 20:43:11,860 - Left side (${logicDeleteFieldName}) of '==' operation has null value. If it is a reference, it may not be in the context or its toString() returned null. /templates/entity.java.vm[line 80, column 30]
2018-06-02 20:43:11,866 - ResourceManager : found /templates/mapper.java.vm with loader org.apache.velocity.runtime.resource.loader.ClasspathResourceLoader
2018-06-02 20:43:11,869 - ResourceManager : found /templates/mapper.xml.vm with loader org.apache.velocity.runtime.resource.loader.ClasspathResourceLoader
2018-06-02 20:43:11,871 - ResourceManager : found /templates/service.java.vm with loader org.apache.velocity.runtime.resource.loader.ClasspathResourceLoader
2018-06-02 20:43:11,873 - ResourceManager : found /templates/serviceImpl.java.vm with loader org.apache.velocity.runtime.resource.loader.ClasspathResourceLoader
2018-06-02 20:43:11,875 - ResourceManager : found /templates/controller.java.vm with loader org.apache.velocity.runtime.resource.loader.ClasspathResourceLoader
2018-06-02 20:43:49,717 - Log4JLogChute initialized using file 'velocity.log'
2018-06-02 20:43:49,717 - Initializing Velocity, Calling init()...
2018-06-02 20:43:49,718 - Starting Apache Velocity v1.7 (compiled: 2010-11-19 12:14:37)
2018-06-02 20:43:49,718 - Default Properties File: org\apache\velocity\runtime\defaults\velocity.properties
2018-06-02 20:43:49,718 - Trying to use logger class org.apache.velocity.runtime.log.AvalonLogChute
2018-06-02 20:43:49,718 - Target log system for org.apache.velocity.runtime.log.AvalonLogChute is not available (java.lang.NoClassDefFoundError: org/apache/log/format/Formatter).  Falling back to next log system...
2018-06-02 20:43:49,718 - Trying to use logger class org.apache.velocity.runtime.log.Log4JLogChute
2018-06-02 20:43:49,718 - Using logger class org.apache.velocity.runtime.log.Log4JLogChute
2018-06-02 20:43:49,718 - ResourceLoader instantiated: org.apache.velocity.runtime.resource.loader.ClasspathResourceLoader
2018-06-02 20:43:49,718 - ResourceCache: initialized (class org.apache.velocity.runtime.resource.ResourceCacheImpl) with class java.util.Collections$SynchronizedMap cache map.
2018-06-02 20:43:49,719 - Loaded System Directive: org.apache.velocity.runtime.directive.Stop
2018-06-02 20:43:49,719 - Loaded System Directive: org.apache.velocity.runtime.directive.Define
2018-06-02 20:43:49,719 - Loaded System Directive: org.apache.velocity.runtime.directive.Break
2018-06-02 20:43:49,719 - Loaded System Directive: org.apache.velocity.runtime.directive.Evaluate
2018-06-02 20:43:49,719 - Loaded System Directive: org.apache.velocity.runtime.directive.Literal
2018-06-02 20:43:49,719 - Loaded System Directive: org.apache.velocity.runtime.directive.Macro
2018-06-02 20:43:49,719 - Loaded System Directive: org.apache.velocity.runtime.directive.Parse
2018-06-02 20:43:49,720 - Loaded System Directive: org.apache.velocity.runtime.directive.Include
2018-06-02 20:43:49,720 - Loaded System Directive: org.apache.velocity.runtime.directive.Foreach
2018-06-02 20:43:49,721 - Created '20' parsers.
2018-06-02 20:43:49,721 - Velocimacro : "velocimacro.library" is not set.  Trying default library: VM_global_library.vm
2018-06-02 20:43:49,723 - Could not load resource 'VM_global_library.vm' from ResourceLoader org.apache.velocity.runtime.resource.loader.ClasspathResourceLoader: ClasspathResourceLoader Error: cannot find resource VM_global_library.vm
2018-06-02 20:43:49,723 - Velocimacro : Default library not found.
2018-06-02 20:43:49,723 - Velocimacro : allowInline = true : VMs can be defined inline in templates
2018-06-02 20:43:49,723 - Velocimacro : allowInlineToOverride = false : VMs defined inline may NOT replace previous VM definitions
2018-06-02 20:43:49,723 - Velocimacro : allowInlineLocal = false : VMs defined inline will be global in scope if allowed.
2018-06-02 20:43:49,723 - Velocimacro : autoload off : VM system will not automatically reload global library macros
2018-06-02 20:43:49,727 - ResourceManager : found /templates/entity.java.vm with loader org.apache.velocity.runtime.resource.loader.ClasspathResourceLoader
2018-06-02 20:43:49,729 - Left side (${versionFieldName}) of '==' operation has null value. If it is a reference, it may not be in the context or its toString() returned null. /templates/entity.java.vm[line 76, column 26]
2018-06-02 20:43:49,730 - Left side (${logicDeleteFieldName}) of '==' operation has null value. If it is a reference, it may not be in the context or its toString() returned null. /templates/entity.java.vm[line 80, column 30]
2018-06-02 20:43:49,730 - Left side (${versionFieldName}) of '==' operation has null value. If it is a reference, it may not be in the context or its toString() returned null. /templates/entity.java.vm[line 76, column 26]
2018-06-02 20:43:49,730 - Left side (${logicDeleteFieldName}) of '==' operation has null value. If it is a reference, it may not be in the context or its toString() returned null. /templates/entity.java.vm[line 80, column 30]
2018-06-02 20:43:49,730 - Left side (${versionFieldName}) of '==' operation has null value. If it is a reference, it may not be in the context or its toString() returned null. /templates/entity.java.vm[line 76, column 26]
2018-06-02 20:43:49,730 - Left side (${logicDeleteFieldName}) of '==' operation has null value. If it is a reference, it may not be in the context or its toString() returned null. /templates/entity.java.vm[line 80, column 30]
2018-06-02 20:43:49,730 - Left side (${versionFieldName}) of '==' operation has null value. If it is a reference, it may not be in the context or its toString() returned null. /templates/entity.java.vm[line 76, column 26]
2018-06-02 20:43:49,730 - Left side (${logicDeleteFieldName}) of '==' operation has null value. If it is a reference, it may not be in the context or its toString() returned null. /templates/entity.java.vm[line 80, column 30]
2018-06-02 20:43:49,730 - Left side (${versionFieldName}) of '==' operation has null value. If it is a reference, it may not be in the context or its toString() returned null. /templates/entity.java.vm[line 76, column 26]
2018-06-02 20:43:49,730 - Left side (${logicDeleteFieldName}) of '==' operation has null value. If it is a reference, it may not be in the context or its toString() returned null. /templates/entity.java.vm[line 80, column 30]
2018-06-02 20:43:49,730 - Left side (${versionFieldName}) of '==' operation has null value. If it is a reference, it may not be in the context or its toString() returned null. /templates/entity.java.vm[line 76, column 26]
2018-06-02 20:43:49,730 - Left side (${logicDeleteFieldName}) of '==' operation has null value. If it is a reference, it may not be in the context or its toString() returned null. /templates/entity.java.vm[line 80, column 30]
2018-06-02 20:43:49,730 - Left side (${versionFieldName}) of '==' operation has null value. If it is a reference, it may not be in the context or its toString() returned null. /templates/entity.java.vm[line 76, column 26]
2018-06-02 20:43:49,730 - Left side (${logicDeleteFieldName}) of '==' operation has null value. If it is a reference, it may not be in the context or its toString() returned null. /templates/entity.java.vm[line 80, column 30]
2018-06-02 20:43:49,730 - Left side (${versionFieldName}) of '==' operation has null value. If it is a reference, it may not be in the context or its toString() returned null. /templates/entity.java.vm[line 76, column 26]
2018-06-02 20:43:49,730 - Left side (${logicDeleteFieldName}) of '==' operation has null value. If it is a reference, it may not be in the context or its toString() returned null. /templates/entity.java.vm[line 80, column 30]
2018-06-02 20:43:49,730 - Left side (${versionFieldName}) of '==' operation has null value. If it is a reference, it may not be in the context or its toString() returned null. /templates/entity.java.vm[line 76, column 26]
2018-06-02 20:43:49,730 - Left side (${logicDeleteFieldName}) of '==' operation has null value. If it is a reference, it may not be in the context or its toString() returned null. /templates/entity.java.vm[line 80, column 30]
2018-06-02 20:43:49,730 - Left side (${versionFieldName}) of '==' operation has null value. If it is a reference, it may not be in the context or its toString() returned null. /templates/entity.java.vm[line 76, column 26]
2018-06-02 20:43:49,730 - Left side (${logicDeleteFieldName}) of '==' operation has null value. If it is a reference, it may not be in the context or its toString() returned null. /templates/entity.java.vm[line 80, column 30]
2018-06-02 20:43:49,730 - Left side (${versionFieldName}) of '==' operation has null value. If it is a reference, it may not be in the context or its toString() returned null. /templates/entity.java.vm[line 76, column 26]
2018-06-02 20:43:49,731 - Left side (${logicDeleteFieldName}) of '==' operation has null value. If it is a reference, it may not be in the context or its toString() returned null. /templates/entity.java.vm[line 80, column 30]
2018-06-02 20:43:49,731 - Left side (${versionFieldName}) of '==' operation has null value. If it is a reference, it may not be in the context or its toString() returned null. /templates/entity.java.vm[line 76, column 26]
2018-06-02 20:43:49,731 - Left side (${logicDeleteFieldName}) of '==' operation has null value. If it is a reference, it may not be in the context or its toString() returned null. /templates/entity.java.vm[line 80, column 30]
2018-06-02 20:43:49,731 - Left side (${versionFieldName}) of '==' operation has null value. If it is a reference, it may not be in the context or its toString() returned null. /templates/entity.java.vm[line 76, column 26]
2018-06-02 20:43:49,731 - Left side (${logicDeleteFieldName}) of '==' operation has null value. If it is a reference, it may not be in the context or its toString() returned null. /templates/entity.java.vm[line 80, column 30]
2018-06-02 20:43:49,731 - Left side (${versionFieldName}) of '==' operation has null value. If it is a reference, it may not be in the context or its toString() returned null. /templates/entity.java.vm[line 76, column 26]
2018-06-02 20:43:49,731 - Left side (${logicDeleteFieldName}) of '==' operation has null value. If it is a reference, it may not be in the context or its toString() returned null. /templates/entity.java.vm[line 80, column 30]
2018-06-02 20:43:49,731 - Left side (${versionFieldName}) of '==' operation has null value. If it is a reference, it may not be in the context or its toString() returned null. /templates/entity.java.vm[line 76, column 26]
2018-06-02 20:43:49,731 - Left side (${logicDeleteFieldName}) of '==' operation has null value. If it is a reference, it may not be in the context or its toString() returned null. /templates/entity.java.vm[line 80, column 30]
2018-06-02 20:43:49,731 - Left side (${versionFieldName}) of '==' operation has null value. If it is a reference, it may not be in the context or its toString() returned null. /templates/entity.java.vm[line 76, column 26]
2018-06-02 20:43:49,731 - Left side (${logicDeleteFieldName}) of '==' operation has null value. If it is a reference, it may not be in the context or its toString() returned null. /templates/entity.java.vm[line 80, column 30]
2018-06-02 20:43:49,731 - Left side (${versionFieldName}) of '==' operation has null value. If it is a reference, it may not be in the context or its toString() returned null. /templates/entity.java.vm[line 76, column 26]
2018-06-02 20:43:49,731 - Left side (${logicDeleteFieldName}) of '==' operation has null value. If it is a reference, it may not be in the context or its toString() returned null. /templates/entity.java.vm[line 80, column 30]
2018-06-02 20:43:49,731 - Left side (${versionFieldName}) of '==' operation has null value. If it is a reference, it may not be in the context or its toString() returned null. /templates/entity.java.vm[line 76, column 26]
2018-06-02 20:43:49,731 - Left side (${logicDeleteFieldName}) of '==' operation has null value. If it is a reference, it may not be in the context or its toString() returned null. /templates/entity.java.vm[line 80, column 30]
2018-06-02 20:43:49,731 - Left side (${versionFieldName}) of '==' operation has null value. If it is a reference, it may not be in the context or its toString() returned null. /templates/entity.java.vm[line 76, column 26]
2018-06-02 20:43:49,731 - Left side (${logicDeleteFieldName}) of '==' operation has null value. If it is a reference, it may not be in the context or its toString() returned null. /templates/entity.java.vm[line 80, column 30]
2018-06-02 20:43:49,731 - Left side (${versionFieldName}) of '==' operation has null value. If it is a reference, it may not be in the context or its toString() returned null. /templates/entity.java.vm[line 76, column 26]
2018-06-02 20:43:49,731 - Left side (${logicDeleteFieldName}) of '==' operation has null value. If it is a reference, it may not be in the context or its toString() returned null. /templates/entity.java.vm[line 80, column 30]
2018-06-02 20:43:49,731 - Left side (${versionFieldName}) of '==' operation has null value. If it is a reference, it may not be in the context or its toString() returned null. /templates/entity.java.vm[line 76, column 26]
2018-06-02 20:43:49,731 - Left side (${logicDeleteFieldName}) of '==' operation has null value. If it is a reference, it may not be in the context or its toString() returned null. /templates/entity.java.vm[line 80, column 30]
2018-06-02 20:43:49,731 - Left side (${versionFieldName}) of '==' operation has null value. If it is a reference, it may not be in the context or its toString() returned null. /templates/entity.java.vm[line 76, column 26]
2018-06-02 20:43:49,731 - Left side (${logicDeleteFieldName}) of '==' operation has null value. If it is a reference, it may not be in the context or its toString() returned null. /templates/entity.java.vm[line 80, column 30]
2018-06-02 20:43:49,731 - Left side (${versionFieldName}) of '==' operation has null value. If it is a reference, it may not be in the context or its toString() returned null. /templates/entity.java.vm[line 76, column 26]
2018-06-02 20:43:49,731 - Left side (${logicDeleteFieldName}) of '==' operation has null value. If it is a reference, it may not be in the context or its toString() returned null. /templates/entity.java.vm[line 80, column 30]
2018-06-02 20:43:49,731 - Left side (${versionFieldName}) of '==' operation has null value. If it is a reference, it may not be in the context or its toString() returned null. /templates/entity.java.vm[line 76, column 26]
2018-06-02 20:43:49,731 - Left side (${logicDeleteFieldName}) of '==' operation has null value. If it is a reference, it may not be in the context or its toString() returned null. /templates/entity.java.vm[line 80, column 30]
2018-06-02 20:43:49,731 - Left side (${versionFieldName}) of '==' operation has null value. If it is a reference, it may not be in the context or its toString() returned null. /templates/entity.java.vm[line 76, column 26]
2018-06-02 20:43:49,731 - Left side (${logicDeleteFieldName}) of '==' operation has null value. If it is a reference, it may not be in the context or its toString() returned null. /templates/entity.java.vm[line 80, column 30]
2018-06-02 20:43:49,734 - ResourceManager : found /templates/mapper.java.vm with loader org.apache.velocity.runtime.resource.loader.ClasspathResourceLoader
2018-06-02 20:43:49,736 - ResourceManager : found /templates/mapper.xml.vm with loader org.apache.velocity.runtime.resource.loader.ClasspathResourceLoader
2018-06-02 20:43:49,741 - ResourceManager : found /templates/service.java.vm with loader org.apache.velocity.runtime.resource.loader.ClasspathResourceLoader
2018-06-02 20:43:49,744 - ResourceManager : found /templates/serviceImpl.java.vm with loader org.apache.velocity.runtime.resource.loader.ClasspathResourceLoader
2018-06-02 20:43:49,747 - ResourceManager : found /templates/controller.java.vm with loader org.apache.velocity.runtime.resource.loader.ClasspathResourceLoader
2018-06-02 20:44:20,045 - Log4JLogChute initialized using file 'velocity.log'
2018-06-02 20:44:20,045 - Initializing Velocity, Calling init()...
2018-06-02 20:44:20,045 - Starting Apache Velocity v1.7 (compiled: 2010-11-19 12:14:37)
2018-06-02 20:44:20,045 - Default Properties File: org\apache\velocity\runtime\defaults\velocity.properties
2018-06-02 20:44:20,045 - Trying to use logger class org.apache.velocity.runtime.log.AvalonLogChute
2018-06-02 20:44:20,045 - Target log system for org.apache.velocity.runtime.log.AvalonLogChute is not available (java.lang.NoClassDefFoundError: org/apache/log/format/Formatter).  Falling back to next log system...
2018-06-02 20:44:20,045 - Trying to use logger class org.apache.velocity.runtime.log.Log4JLogChute
2018-06-02 20:44:20,045 - Using logger class org.apache.velocity.runtime.log.Log4JLogChute
2018-06-02 20:44:20,046 - ResourceLoader instantiated: org.apache.velocity.runtime.resource.loader.ClasspathResourceLoader
2018-06-02 20:44:20,046 - ResourceCache: initialized (class org.apache.velocity.runtime.resource.ResourceCacheImpl) with class java.util.Collections$SynchronizedMap cache map.
2018-06-02 20:44:20,047 - Loaded System Directive: org.apache.velocity.runtime.directive.Stop
2018-06-02 20:44:20,047 - Loaded System Directive: org.apache.velocity.runtime.directive.Define
2018-06-02 20:44:20,047 - Loaded System Directive: org.apache.velocity.runtime.directive.Break
2018-06-02 20:44:20,047 - Loaded System Directive: org.apache.velocity.runtime.directive.Evaluate
2018-06-02 20:44:20,047 - Loaded System Directive: org.apache.velocity.runtime.directive.Literal
2018-06-02 20:44:20,047 - Loaded System Directive: org.apache.velocity.runtime.directive.Macro
2018-06-02 20:44:20,047 - Loaded System Directive: org.apache.velocity.runtime.directive.Parse
2018-06-02 20:44:20,048 - Loaded System Directive: org.apache.velocity.runtime.directive.Include
2018-06-02 20:44:20,048 - Loaded System Directive: org.apache.velocity.runtime.directive.Foreach
2018-06-02 20:44:20,049 - Created '20' parsers.
2018-06-02 20:44:20,049 - Velocimacro : "velocimacro.library" is not set.  Trying default library: VM_global_library.vm
2018-06-02 20:44:20,050 - Could not load resource 'VM_global_library.vm' from ResourceLoader org.apache.velocity.runtime.resource.loader.ClasspathResourceLoader: ClasspathResourceLoader Error: cannot find resource VM_global_library.vm
2018-06-02 20:44:20,050 - Velocimacro : Default library not found.
2018-06-02 20:44:20,050 - Velocimacro : allowInline = true : VMs can be defined inline in templates
2018-06-02 20:44:20,050 - Velocimacro : allowInlineToOverride = false : VMs defined inline may NOT replace previous VM definitions
2018-06-02 20:44:20,050 - Velocimacro : allowInlineLocal = false : VMs defined inline will be global in scope if allowed.
2018-06-02 20:44:20,050 - Velocimacro : autoload off : VM system will not automatically reload global library macros
2018-06-02 20:44:20,053 - ResourceManager : found /templates/entity.java.vm with loader org.apache.velocity.runtime.resource.loader.ClasspathResourceLoader
2018-06-02 20:44:20,061 - Left side (${versionFieldName}) of '==' operation has null value. If it is a reference, it may not be in the context or its toString() returned null. /templates/entity.java.vm[line 76, column 26]
2018-06-02 20:44:20,061 - Left side (${logicDeleteFieldName}) of '==' operation has null value. If it is a reference, it may not be in the context or its toString() returned null. /templates/entity.java.vm[line 80, column 30]
2018-06-02 20:44:20,061 - Left side (${versionFieldName}) of '==' operation has null value. If it is a reference, it may not be in the context or its toString() returned null. /templates/entity.java.vm[line 76, column 26]
2018-06-02 20:44:20,061 - Left side (${logicDeleteFieldName}) of '==' operation has null value. If it is a reference, it may not be in the context or its toString() returned null. /templates/entity.java.vm[line 80, column 30]
2018-06-02 20:44:20,061 - Left side (${versionFieldName}) of '==' operation has null value. If it is a reference, it may not be in the context or its toString() returned null. /templates/entity.java.vm[line 76, column 26]
2018-06-02 20:44:20,061 - Left side (${logicDeleteFieldName}) of '==' operation has null value. If it is a reference, it may not be in the context or its toString() returned null. /templates/entity.java.vm[line 80, column 30]
2018-06-02 20:44:20,062 - Left side (${versionFieldName}) of '==' operation has null value. If it is a reference, it may not be in the context or its toString() returned null. /templates/entity.java.vm[line 76, column 26]
2018-06-02 20:44:20,062 - Left side (${logicDeleteFieldName}) of '==' operation has null value. If it is a reference, it may not be in the context or its toString() returned null. /templates/entity.java.vm[line 80, column 30]
2018-06-02 20:44:20,062 - Left side (${versionFieldName}) of '==' operation has null value. If it is a reference, it may not be in the context or its toString() returned null. /templates/entity.java.vm[line 76, column 26]
2018-06-02 20:44:20,062 - Left side (${logicDeleteFieldName}) of '==' operation has null value. If it is a reference, it may not be in the context or its toString() returned null. /templates/entity.java.vm[line 80, column 30]
2018-06-02 20:44:20,063 - Left side (${versionFieldName}) of '==' operation has null value. If it is a reference, it may not be in the context or its toString() returned null. /templates/entity.java.vm[line 76, column 26]
2018-06-02 20:44:20,063 - Left side (${logicDeleteFieldName}) of '==' operation has null value. If it is a reference, it may not be in the context or its toString() returned null. /templates/entity.java.vm[line 80, column 30]
2018-06-02 20:44:20,063 - Left side (${versionFieldName}) of '==' operation has null value. If it is a reference, it may not be in the context or its toString() returned null. /templates/entity.java.vm[line 76, column 26]
2018-06-02 20:44:20,063 - Left side (${logicDeleteFieldName}) of '==' operation has null value. If it is a reference, it may not be in the context or its toString() returned null. /templates/entity.java.vm[line 80, column 30]
2018-06-02 20:44:20,069 - ResourceManager : found /templates/mapper.java.vm with loader org.apache.velocity.runtime.resource.loader.ClasspathResourceLoader
2018-06-02 20:44:20,072 - ResourceManager : found /templates/mapper.xml.vm with loader org.apache.velocity.runtime.resource.loader.ClasspathResourceLoader
2018-06-02 20:44:20,074 - ResourceManager : found /templates/service.java.vm with loader org.apache.velocity.runtime.resource.loader.ClasspathResourceLoader
2018-06-02 20:44:20,076 - ResourceManager : found /templates/serviceImpl.java.vm with loader org.apache.velocity.runtime.resource.loader.ClasspathResourceLoader
2018-06-02 20:44:20,079 - ResourceManager : found /templates/controller.java.vm with loader org.apache.velocity.runtime.resource.loader.ClasspathResourceLoader
2018-06-02 20:44:49,899 - Log4JLogChute initialized using file 'velocity.log'
2018-06-02 20:44:49,899 - Initializing Velocity, Calling init()...
2018-06-02 20:44:49,899 - Starting Apache Velocity v1.7 (compiled: 2010-11-19 12:14:37)
2018-06-02 20:44:49,899 - Default Properties File: org\apache\velocity\runtime\defaults\velocity.properties
2018-06-02 20:44:49,899 - Trying to use logger class org.apache.velocity.runtime.log.AvalonLogChute
2018-06-02 20:44:49,899 - Target log system for org.apache.velocity.runtime.log.AvalonLogChute is not available (java.lang.NoClassDefFoundError: org/apache/log/format/Formatter).  Falling back to next log system...
2018-06-02 20:44:49,899 - Trying to use logger class org.apache.velocity.runtime.log.Log4JLogChute
2018-06-02 20:44:49,899 - Using logger class org.apache.velocity.runtime.log.Log4JLogChute
2018-06-02 20:44:49,899 - ResourceLoader instantiated: org.apache.velocity.runtime.resource.loader.ClasspathResourceLoader
2018-06-02 20:44:49,899 - ResourceCache: initialized (class org.apache.velocity.runtime.resource.ResourceCacheImpl) with class java.util.Collections$SynchronizedMap cache map.
2018-06-02 20:44:49,900 - Loaded System Directive: org.apache.velocity.runtime.directive.Stop
2018-06-02 20:44:49,900 - Loaded System Directive: org.apache.velocity.runtime.directive.Define
2018-06-02 20:44:49,900 - Loaded System Directive: org.apache.velocity.runtime.directive.Break
2018-06-02 20:44:49,900 - Loaded System Directive: org.apache.velocity.runtime.directive.Evaluate
2018-06-02 20:44:49,900 - Loaded System Directive: org.apache.velocity.runtime.directive.Literal
2018-06-02 20:44:49,901 - Loaded System Directive: org.apache.velocity.runtime.directive.Macro
2018-06-02 20:44:49,901 - Loaded System Directive: org.apache.velocity.runtime.directive.Parse
2018-06-02 20:44:49,901 - Loaded System Directive: org.apache.velocity.runtime.directive.Include
2018-06-02 20:44:49,901 - Loaded System Directive: org.apache.velocity.runtime.directive.Foreach
2018-06-02 20:44:49,902 - Created '20' parsers.
2018-06-02 20:44:49,903 - Velocimacro : "velocimacro.library" is not set.  Trying default library: VM_global_library.vm
2018-06-02 20:44:49,904 - Could not load resource 'VM_global_library.vm' from ResourceLoader org.apache.velocity.runtime.resource.loader.ClasspathResourceLoader: ClasspathResourceLoader Error: cannot find resource VM_global_library.vm
2018-06-02 20:44:49,904 - Velocimacro : Default library not found.
2018-06-02 20:44:49,904 - Velocimacro : allowInline = true : VMs can be defined inline in templates
2018-06-02 20:44:49,904 - Velocimacro : allowInlineToOverride = false : VMs defined inline may NOT replace previous VM definitions
2018-06-02 20:44:49,904 - Velocimacro : allowInlineLocal = false : VMs defined inline will be global in scope if allowed.
2018-06-02 20:44:49,904 - Velocimacro : autoload off : VM system will not automatically reload global library macros
2018-06-02 20:44:49,907 - ResourceManager : found /templates/entity.java.vm with loader org.apache.velocity.runtime.resource.loader.ClasspathResourceLoader
2018-06-02 20:44:49,909 - Left side (${versionFieldName}) of '==' operation has null value. If it is a reference, it may not be in the context or its toString() returned null. /templates/entity.java.vm[line 76, column 26]
2018-06-02 20:44:49,909 - Left side (${logicDeleteFieldName}) of '==' operation has null value. If it is a reference, it may not be in the context or its toString() returned null. /templates/entity.java.vm[line 80, column 30]
2018-06-02 20:44:49,909 - Left side (${versionFieldName}) of '==' operation has null value. If it is a reference, it may not be in the context or its toString() returned null. /templates/entity.java.vm[line 76, column 26]
2018-06-02 20:44:49,909 - Left side (${logicDeleteFieldName}) of '==' operation has null value. If it is a reference, it may not be in the context or its toString() returned null. /templates/entity.java.vm[line 80, column 30]
2018-06-02 20:44:49,909 - Left side (${versionFieldName}) of '==' operation has null value. If it is a reference, it may not be in the context or its toString() returned null. /templates/entity.java.vm[line 76, column 26]
2018-06-02 20:44:49,909 - Left side (${logicDeleteFieldName}) of '==' operation has null value. If it is a reference, it may not be in the context or its toString() returned null. /templates/entity.java.vm[line 80, column 30]
2018-06-02 20:44:49,909 - Left side (${versionFieldName}) of '==' operation has null value. If it is a reference, it may not be in the context or its toString() returned null. /templates/entity.java.vm[line 76, column 26]
2018-06-02 20:44:49,909 - Left side (${logicDeleteFieldName}) of '==' operation has null value. If it is a reference, it may not be in the context or its toString() returned null. /templates/entity.java.vm[line 80, column 30]
2018-06-02 20:44:49,909 - Left side (${versionFieldName}) of '==' operation has null value. If it is a reference, it may not be in the context or its toString() returned null. /templates/entity.java.vm[line 76, column 26]
2018-06-02 20:44:49,909 - Left side (${logicDeleteFieldName}) of '==' operation has null value. If it is a reference, it may not be in the context or its toString() returned null. /templates/entity.java.vm[line 80, column 30]
2018-06-02 20:44:49,909 - Left side (${versionFieldName}) of '==' operation has null value. If it is a reference, it may not be in the context or its toString() returned null. /templates/entity.java.vm[line 76, column 26]
2018-06-02 20:44:49,909 - Left side (${logicDeleteFieldName}) of '==' operation has null value. If it is a reference, it may not be in the context or its toString() returned null. /templates/entity.java.vm[line 80, column 30]
2018-06-02 20:44:49,910 - Left side (${versionFieldName}) of '==' operation has null value. If it is a reference, it may not be in the context or its toString() returned null. /templates/entity.java.vm[line 76, column 26]
2018-06-02 20:44:49,910 - Left side (${logicDeleteFieldName}) of '==' operation has null value. If it is a reference, it may not be in the context or its toString() returned null. /templates/entity.java.vm[line 80, column 30]
2018-06-02 20:44:49,910 - Left side (${versionFieldName}) of '==' operation has null value. If it is a reference, it may not be in the context or its toString() returned null. /templates/entity.java.vm[line 76, column 26]
2018-06-02 20:44:49,910 - Left side (${logicDeleteFieldName}) of '==' operation has null value. If it is a reference, it may not be in the context or its toString() returned null. /templates/entity.java.vm[line 80, column 30]
2018-06-02 20:44:49,910 - Left side (${versionFieldName}) of '==' operation has null value. If it is a reference, it may not be in the context or its toString() returned null. /templates/entity.java.vm[line 76, column 26]
2018-06-02 20:44:49,910 - Left side (${logicDeleteFieldName}) of '==' operation has null value. If it is a reference, it may not be in the context or its toString() returned null. /templates/entity.java.vm[line 80, column 30]
2018-06-02 20:44:49,910 - Left side (${versionFieldName}) of '==' operation has null value. If it is a reference, it may not be in the context or its toString() returned null. /templates/entity.java.vm[line 76, column 26]
2018-06-02 20:44:49,910 - Left side (${logicDeleteFieldName}) of '==' operation has null value. If it is a reference, it may not be in the context or its toString() returned null. /templates/entity.java.vm[line 80, column 30]
2018-06-02 20:44:49,910 - Left side (${versionFieldName}) of '==' operation has null value. If it is a reference, it may not be in the context or its toString() returned null. /templates/entity.java.vm[line 76, column 26]
2018-06-02 20:44:49,910 - Left side (${logicDeleteFieldName}) of '==' operation has null value. If it is a reference, it may not be in the context or its toString() returned null. /templates/entity.java.vm[line 80, column 30]
2018-06-02 20:44:49,910 - Left side (${versionFieldName}) of '==' operation has null value. If it is a reference, it may not be in the context or its toString() returned null. /templates/entity.java.vm[line 76, column 26]
2018-06-02 20:44:49,910 - Left side (${logicDeleteFieldName}) of '==' operation has null value. If it is a reference, it may not be in the context or its toString() returned null. /templates/entity.java.vm[line 80, column 30]
2018-06-02 20:44:49,910 - Left side (${versionFieldName}) of '==' operation has null value. If it is a reference, it may not be in the context or its toString() returned null. /templates/entity.java.vm[line 76, column 26]
2018-06-02 20:44:49,910 - Left side (${logicDeleteFieldName}) of '==' operation has null value. If it is a reference, it may not be in the context or its toString() returned null. /templates/entity.java.vm[line 80, column 30]
2018-06-02 20:44:49,910 - Left side (${versionFieldName}) of '==' operation has null value. If it is a reference, it may not be in the context or its toString() returned null. /templates/entity.java.vm[line 76, column 26]
2018-06-02 20:44:49,910 - Left side (${logicDeleteFieldName}) of '==' operation has null value. If it is a reference, it may not be in the context or its toString() returned null. /templates/entity.java.vm[line 80, column 30]
2018-06-02 20:44:49,910 - Left side (${versionFieldName}) of '==' operation has null value. If it is a reference, it may not be in the context or its toString() returned null. /templates/entity.java.vm[line 76, column 26]
2018-06-02 20:44:49,910 - Left side (${logicDeleteFieldName}) of '==' operation has null value. If it is a reference, it may not be in the context or its toString() returned null. /templates/entity.java.vm[line 80, column 30]
2018-06-02 20:44:49,910 - Left side (${versionFieldName}) of '==' operation has null value. If it is a reference, it may not be in the context or its toString() returned null. /templates/entity.java.vm[line 76, column 26]
2018-06-02 20:44:49,910 - Left side (${logicDeleteFieldName}) of '==' operation has null value. If it is a reference, it may not be in the context or its toString() returned null. /templates/entity.java.vm[line 80, column 30]
2018-06-02 20:44:49,910 - Left side (${versionFieldName}) of '==' operation has null value. If it is a reference, it may not be in the context or its toString() returned null. /templates/entity.java.vm[line 76, column 26]
2018-06-02 20:44:49,910 - Left side (${logicDeleteFieldName}) of '==' operation has null value. If it is a reference, it may not be in the context or its toString() returned null. /templates/entity.java.vm[line 80, column 30]
2018-06-02 20:44:49,910 - Left side (${versionFieldName}) of '==' operation has null value. If it is a reference, it may not be in the context or its toString() returned null. /templates/entity.java.vm[line 76, column 26]
2018-06-02 20:44:49,910 - Left side (${logicDeleteFieldName}) of '==' operation has null value. If it is a reference, it may not be in the context or its toString() returned null. /templates/entity.java.vm[line 80, column 30]
2018-06-02 20:44:49,910 - Left side (${versionFieldName}) of '==' operation has null value. If it is a reference, it may not be in the context or its toString() returned null. /templates/entity.java.vm[line 76, column 26]
2018-06-02 20:44:49,910 - Left side (${logicDeleteFieldName}) of '==' operation has null value. If it is a reference, it may not be in the context or its toString() returned null. /templates/entity.java.vm[line 80, column 30]
2018-06-02 20:44:49,910 - Left side (${versionFieldName}) of '==' operation has null value. If it is a reference, it may not be in the context or its toString() returned null. /templates/entity.java.vm[line 76, column 26]
2018-06-02 20:44:49,910 - Left side (${logicDeleteFieldName}) of '==' operation has null value. If it is a reference, it may not be in the context or its toString() returned null. /templates/entity.java.vm[line 80, column 30]
2018-06-02 20:44:49,910 - Left side (${versionFieldName}) of '==' operation has null value. If it is a reference, it may not be in the context or its toString() returned null. /templates/entity.java.vm[line 76, column 26]
2018-06-02 20:44:49,910 - Left side (${logicDeleteFieldName}) of '==' operation has null value. If it is a reference, it may not be in the context or its toString() returned null. /templates/entity.java.vm[line 80, column 30]
2018-06-02 20:44:49,910 - Left side (${versionFieldName}) of '==' operation has null value. If it is a reference, it may not be in the context or its toString() returned null. /templates/entity.java.vm[line 76, column 26]
2018-06-02 20:44:49,910 - Left side (${logicDeleteFieldName}) of '==' operation has null value. If it is a reference, it may not be in the context or its toString() returned null. /templates/entity.java.vm[line 80, column 30]
2018-06-02 20:44:49,910 - Left side (${versionFieldName}) of '==' operation has null value. If it is a reference, it may not be in the context or its toString() returned null. /templates/entity.java.vm[line 76, column 26]
2018-06-02 20:44:49,910 - Left side (${logicDeleteFieldName}) of '==' operation has null value. If it is a reference, it may not be in the context or its toString() returned null. /templates/entity.java.vm[line 80, column 30]
2018-06-02 20:44:49,910 - Left side (${versionFieldName}) of '==' operation has null value. If it is a reference, it may not be in the context or its toString() returned null. /templates/entity.java.vm[line 76, column 26]
2018-06-02 20:44:49,911 - Left side (${logicDeleteFieldName}) of '==' operation has null value. If it is a reference, it may not be in the context or its toString() returned null. /templates/entity.java.vm[line 80, column 30]
2018-06-02 20:44:49,911 - Left side (${versionFieldName}) of '==' operation has null value. If it is a reference, it may not be in the context or its toString() returned null. /templates/entity.java.vm[line 76, column 26]
2018-06-02 20:44:49,911 - Left side (${logicDeleteFieldName}) of '==' operation has null value. If it is a reference, it may not be in the context or its toString() returned null. /templates/entity.java.vm[line 80, column 30]
2018-06-02 20:44:49,913 - ResourceManager : found /templates/mapper.java.vm with loader org.apache.velocity.runtime.resource.loader.ClasspathResourceLoader
2018-06-02 20:44:49,916 - ResourceManager : found /templates/mapper.xml.vm with loader org.apache.velocity.runtime.resource.loader.ClasspathResourceLoader
2018-06-02 20:44:49,918 - ResourceManager : found /templates/service.java.vm with loader org.apache.velocity.runtime.resource.loader.ClasspathResourceLoader
2018-06-02 20:44:49,921 - ResourceManager : found /templates/serviceImpl.java.vm with loader org.apache.velocity.runtime.resource.loader.ClasspathResourceLoader
2018-06-02 20:44:49,925 - ResourceManager : found /templates/controller.java.vm with loader org.apache.velocity.runtime.resource.loader.ClasspathResourceLoader
2018-06-02 20:47:58,821 - Log4JLogChute initialized using file 'velocity.log'
2018-06-02 20:47:58,822 - Initializing Velocity, Calling init()...
2018-06-02 20:47:58,822 - Starting Apache Velocity v1.7 (compiled: 2010-11-19 12:14:37)
2018-06-02 20:47:58,822 - Default Properties File: org\apache\velocity\runtime\defaults\velocity.properties
2018-06-02 20:47:58,822 - Trying to use logger class org.apache.velocity.runtime.log.AvalonLogChute
2018-06-02 20:47:58,822 - Target log system for org.apache.velocity.runtime.log.AvalonLogChute is not available (java.lang.NoClassDefFoundError: org/apache/log/format/Formatter).  Falling back to next log system...
2018-06-02 20:47:58,822 - Trying to use logger class org.apache.velocity.runtime.log.Log4JLogChute
2018-06-02 20:47:58,822 - Using logger class org.apache.velocity.runtime.log.Log4JLogChute
2018-06-02 20:47:58,822 - ResourceLoader instantiated: org.apache.velocity.runtime.resource.loader.ClasspathResourceLoader
2018-06-02 20:47:58,823 - ResourceCache: initialized (class org.apache.velocity.runtime.resource.ResourceCacheImpl) with class java.util.Collections$SynchronizedMap cache map.
2018-06-02 20:47:58,823 - Loaded System Directive: org.apache.velocity.runtime.directive.Stop
2018-06-02 20:47:58,823 - Loaded System Directive: org.apache.velocity.runtime.directive.Define
2018-06-02 20:47:58,823 - Loaded System Directive: org.apache.velocity.runtime.directive.Break
2018-06-02 20:47:58,824 - Loaded System Directive: org.apache.velocity.runtime.directive.Evaluate
2018-06-02 20:47:58,824 - Loaded System Directive: org.apache.velocity.runtime.directive.Literal
2018-06-02 20:47:58,824 - Loaded System Directive: org.apache.velocity.runtime.directive.Macro
2018-06-02 20:47:58,824 - Loaded System Directive: org.apache.velocity.runtime.directive.Parse
2018-06-02 20:47:58,824 - Loaded System Directive: org.apache.velocity.runtime.directive.Include
2018-06-02 20:47:58,825 - Loaded System Directive: org.apache.velocity.runtime.directive.Foreach
2018-06-02 20:47:58,826 - Created '20' parsers.
2018-06-02 20:47:58,826 - Velocimacro : "velocimacro.library" is not set.  Trying default library: VM_global_library.vm
2018-06-02 20:47:58,828 - Could not load resource 'VM_global_library.vm' from ResourceLoader org.apache.velocity.runtime.resource.loader.ClasspathResourceLoader: ClasspathResourceLoader Error: cannot find resource VM_global_library.vm
2018-06-02 20:47:58,828 - Velocimacro : Default library not found.
2018-06-02 20:47:58,828 - Velocimacro : allowInline = true : VMs can be defined inline in templates
2018-06-02 20:47:58,828 - Velocimacro : allowInlineToOverride = false : VMs defined inline may NOT replace previous VM definitions
2018-06-02 20:47:58,828 - Velocimacro : allowInlineLocal = false : VMs defined inline will be global in scope if allowed.
2018-06-02 20:47:58,828 - Velocimacro : autoload off : VM system will not automatically reload global library macros
2018-06-02 20:47:58,831 - ResourceManager : found /templates/entity.java.vm with loader org.apache.velocity.runtime.resource.loader.ClasspathResourceLoader
2018-06-02 20:47:58,832 - Left side (${versionFieldName}) of '==' operation has null value. If it is a reference, it may not be in the context or its toString() returned null. /templates/entity.java.vm[line 76, column 26]
2018-06-02 20:47:58,832 - Left side (${logicDeleteFieldName}) of '==' operation has null value. If it is a reference, it may not be in the context or its toString() returned null. /templates/entity.java.vm[line 80, column 30]
2018-06-02 20:47:58,832 - Left side (${versionFieldName}) of '==' operation has null value. If it is a reference, it may not be in the context or its toString() returned null. /templates/entity.java.vm[line 76, column 26]
2018-06-02 20:47:58,832 - Left side (${logicDeleteFieldName}) of '==' operation has null value. If it is a reference, it may not be in the context or its toString() returned null. /templates/entity.java.vm[line 80, column 30]
2018-06-02 20:47:58,832 - Left side (${versionFieldName}) of '==' operation has null value. If it is a reference, it may not be in the context or its toString() returned null. /templates/entity.java.vm[line 76, column 26]
2018-06-02 20:47:58,832 - Left side (${logicDeleteFieldName}) of '==' operation has null value. If it is a reference, it may not be in the context or its toString() returned null. /templates/entity.java.vm[line 80, column 30]
2018-06-02 20:47:58,832 - Left side (${versionFieldName}) of '==' operation has null value. If it is a reference, it may not be in the context or its toString() returned null. /templates/entity.java.vm[line 76, column 26]
2018-06-02 20:47:58,832 - Left side (${logicDeleteFieldName}) of '==' operation has null value. If it is a reference, it may not be in the context or its toString() returned null. /templates/entity.java.vm[line 80, column 30]
2018-06-02 20:47:58,832 - Left side (${versionFieldName}) of '==' operation has null value. If it is a reference, it may not be in the context or its toString() returned null. /templates/entity.java.vm[line 76, column 26]
2018-06-02 20:47:58,832 - Left side (${logicDeleteFieldName}) of '==' operation has null value. If it is a reference, it may not be in the context or its toString() returned null. /templates/entity.java.vm[line 80, column 30]
2018-06-02 20:47:58,834 - ResourceManager : found /templates/mapper.java.vm with loader org.apache.velocity.runtime.resource.loader.ClasspathResourceLoader
2018-06-02 20:47:58,836 - ResourceManager : found /templates/mapper.xml.vm with loader org.apache.velocity.runtime.resource.loader.ClasspathResourceLoader
2018-06-02 20:47:58,838 - ResourceManager : found /templates/service.java.vm with loader org.apache.velocity.runtime.resource.loader.ClasspathResourceLoader
2018-06-02 20:47:58,840 - ResourceManager : found /templates/serviceImpl.java.vm with loader org.apache.velocity.runtime.resource.loader.ClasspathResourceLoader
2018-06-02 20:47:58,842 - ResourceManager : found /templates/controller.java.vm with loader org.apache.velocity.runtime.resource.loader.ClasspathResourceLoader
2018-06-02 20:49:21,699 - Log4JLogChute initialized using file 'velocity.log'
2018-06-02 20:49:21,699 - Initializing Velocity, Calling init()...
2018-06-02 20:49:21,699 - Starting Apache Velocity v1.7 (compiled: 2010-11-19 12:14:37)
2018-06-02 20:49:21,699 - Default Properties File: org\apache\velocity\runtime\defaults\velocity.properties
2018-06-02 20:49:21,699 - Trying to use logger class org.apache.velocity.runtime.log.AvalonLogChute
2018-06-02 20:49:21,699 - Target log system for org.apache.velocity.runtime.log.AvalonLogChute is not available (java.lang.NoClassDefFoundError: org/apache/log/format/Formatter).  Falling back to next log system...
2018-06-02 20:49:21,699 - Trying to use logger class org.apache.velocity.runtime.log.Log4JLogChute
2018-06-02 20:49:21,699 - Using logger class org.apache.velocity.runtime.log.Log4JLogChute
2018-06-02 20:49:21,700 - ResourceLoader instantiated: org.apache.velocity.runtime.resource.loader.ClasspathResourceLoader
2018-06-02 20:49:21,700 - ResourceCache: initialized (class org.apache.velocity.runtime.resource.ResourceCacheImpl) with class java.util.Collections$SynchronizedMap cache map.
2018-06-02 20:49:21,700 - Loaded System Directive: org.apache.velocity.runtime.directive.Stop
2018-06-02 20:49:21,701 - Loaded System Directive: org.apache.velocity.runtime.directive.Define
2018-06-02 20:49:21,701 - Loaded System Directive: org.apache.velocity.runtime.directive.Break
2018-06-02 20:49:21,701 - Loaded System Directive: org.apache.velocity.runtime.directive.Evaluate
2018-06-02 20:49:21,701 - Loaded System Directive: org.apache.velocity.runtime.directive.Literal
2018-06-02 20:49:21,701 - Loaded System Directive: org.apache.velocity.runtime.directive.Macro
2018-06-02 20:49:21,701 - Loaded System Directive: org.apache.velocity.runtime.directive.Parse
2018-06-02 20:49:21,701 - Loaded System Directive: org.apache.velocity.runtime.directive.Include
2018-06-02 20:49:21,702 - Loaded System Directive: org.apache.velocity.runtime.directive.Foreach
2018-06-02 20:49:21,702 - Created '20' parsers.
2018-06-02 20:49:21,703 - Velocimacro : "velocimacro.library" is not set.  Trying default library: VM_global_library.vm
2018-06-02 20:49:21,704 - Could not load resource 'VM_global_library.vm' from ResourceLoader org.apache.velocity.runtime.resource.loader.ClasspathResourceLoader: ClasspathResourceLoader Error: cannot find resource VM_global_library.vm
2018-06-02 20:49:21,704 - Velocimacro : Default library not found.
2018-06-02 20:49:21,704 - Velocimacro : allowInline = true : VMs can be defined inline in templates
2018-06-02 20:49:21,704 - Velocimacro : allowInlineToOverride = false : VMs defined inline may NOT replace previous VM definitions
2018-06-02 20:49:21,704 - Velocimacro : allowInlineLocal = false : VMs defined inline will be global in scope if allowed.
2018-06-02 20:49:21,704 - Velocimacro : autoload off : VM system will not automatically reload global library macros
2018-06-02 20:49:21,707 - ResourceManager : found /templates/entity.java.vm with loader org.apache.velocity.runtime.resource.loader.ClasspathResourceLoader
2018-06-02 20:49:21,708 - Left side (${versionFieldName}) of '==' operation has null value. If it is a reference, it may not be in the context or its toString() returned null. /templates/entity.java.vm[line 76, column 26]
2018-06-02 20:49:21,708 - Left side (${logicDeleteFieldName}) of '==' operation has null value. If it is a reference, it may not be in the context or its toString() returned null. /templates/entity.java.vm[line 80, column 30]
2018-06-02 20:49:21,708 - Left side (${versionFieldName}) of '==' operation has null value. If it is a reference, it may not be in the context or its toString() returned null. /templates/entity.java.vm[line 76, column 26]
2018-06-02 20:49:21,708 - Left side (${logicDeleteFieldName}) of '==' operation has null value. If it is a reference, it may not be in the context or its toString() returned null. /templates/entity.java.vm[line 80, column 30]
2018-06-02 20:49:21,708 - Left side (${versionFieldName}) of '==' operation has null value. If it is a reference, it may not be in the context or its toString() returned null. /templates/entity.java.vm[line 76, column 26]
2018-06-02 20:49:21,708 - Left side (${logicDeleteFieldName}) of '==' operation has null value. If it is a reference, it may not be in the context or its toString() returned null. /templates/entity.java.vm[line 80, column 30]
2018-06-02 20:49:21,708 - Left side (${versionFieldName}) of '==' operation has null value. If it is a reference, it may not be in the context or its toString() returned null. /templates/entity.java.vm[line 76, column 26]
2018-06-02 20:49:21,708 - Left side (${logicDeleteFieldName}) of '==' operation has null value. If it is a reference, it may not be in the context or its toString() returned null. /templates/entity.java.vm[line 80, column 30]
2018-06-02 20:49:21,709 - ResourceManager : found /templates/mapper.java.vm with loader org.apache.velocity.runtime.resource.loader.ClasspathResourceLoader
2018-06-02 20:49:21,711 - ResourceManager : found /templates/mapper.xml.vm with loader org.apache.velocity.runtime.resource.loader.ClasspathResourceLoader
2018-06-02 20:49:21,713 - ResourceManager : found /templates/service.java.vm with loader org.apache.velocity.runtime.resource.loader.ClasspathResourceLoader
2018-06-02 20:49:21,714 - ResourceManager : found /templates/serviceImpl.java.vm with loader org.apache.velocity.runtime.resource.loader.ClasspathResourceLoader
2018-06-02 20:49:21,715 - ResourceManager : found /templates/controller.java.vm with loader org.apache.velocity.runtime.resource.loader.ClasspathResourceLoader
